<?xml version="1.0" encoding="utf-8"?><testsuites name="pytest tests"><testsuite name="pytest" errors="0" failures="0" skipped="0" tests="10" time="2.786" timestamp="2026-03-28T02:19:47.996660+00:00" hostname="agent-env-2c4c648f-4f4d-4dd5-b126-869cff9b9215"><testcase classname="backend.tests.test_id_recovery.TestForgotPassword" name="test_existing_user_returns_sent_and_dev_otp" time="0.265" /><testcase classname="backend.tests.test_id_recovery.TestForgotPassword" name="test_nonexistent_email_returns_generic_response" time="0.067" /><testcase classname="backend.tests.test_id_recovery.TestForgotPassword" name="test_chicago_user_returns_dev_otp" time="0.059" /><testcase classname="backend.tests.test_id_recovery.TestVerifyOTP" name="test_correct_otp_returns_verified_and_reset_token" time="0.114" /><testcase classname="backend.tests.test_id_recovery.TestVerifyOTP" name="test_wrong_otp_returns_400" time="0.109" /><testcase classname="backend.tests.test_id_recovery.TestResetPassword" name="test_mismatched_passwords_returns_400" time="0.169" /><testcase classname="backend.tests.test_id_recovery.TestResetPassword" name="test_valid_reset_token_and_passwords_returns_success" time="0.402" /><testcase classname="backend.tests.test_id_recovery.TestResetPassword" name="test_login_with_new_password_after_reset" time="0.669" /><testcase classname="backend.tests.test_id_recovery.TestResetPassword" name="test_restore_original_password" time="0.652" /><testcase classname="backend.tests.test_id_recovery.TestResetPassword" name="test_short_password_returns_400" time="0.167" /></testsuite></testsuites>