<?xml version="1.0" encoding="utf-8"?><testsuites name="pytest tests"><testsuite name="pytest" errors="0" failures="0" skipped="0" tests="18" time="2.011" timestamp="2026-03-27T03:28:43.288345+00:00" hostname="agent-env-697968ef-0eb0-4914-8663-43b13939f50c"><testcase classname="backend.tests.test_arenadare.TestRegister" name="test_register_success" time="0.565" /><testcase classname="backend.tests.test_arenadare.TestRegister" name="test_register_duplicate_username" time="0.048" /><testcase classname="backend.tests.test_arenadare.TestRegister" name="test_register_duplicate_email" time="0.045" /><testcase classname="backend.tests.test_arenadare.TestRegister" name="test_register_short_password" time="0.052" /><testcase classname="backend.tests.test_arenadare.TestRegister" name="test_register_short_username" time="0.047" /><testcase classname="backend.tests.test_arenadare.TestLogin" name="test_login_success" time="0.268" /><testcase classname="backend.tests.test_arenadare.TestLogin" name="test_login_wrong_password" time="0.276" /><testcase classname="backend.tests.test_arenadare.TestLogin" name="test_login_nonexistent_email" time="0.047" /><testcase classname="backend.tests.test_arenadare.TestAuthUtils" name="test_get_me" time="0.049" /><testcase classname="backend.tests.test_arenadare.TestAuthUtils" name="test_check_username_available" time="0.048" /><testcase classname="backend.tests.test_arenadare.TestAuthUtils" name="test_check_username_taken" time="0.051" /><testcase classname="backend.tests.test_arenadare.TestOnboarding" name="test_complete_onboarding" time="0.051" /><testcase classname="backend.tests.test_arenadare.TestBattles" name="test_get_battles" time="0.051" /><testcase classname="backend.tests.test_arenadare.TestBattles" name="test_battles_require_auth" time="0.048" /><testcase classname="backend.tests.test_arenadare.TestDisciplines" name="test_get_disciplines" time="0.049" /><testcase classname="backend.tests.test_arenadare.TestDisciplines" name="test_disciplines_require_auth" time="0.049" /><testcase classname="backend.tests.test_arenadare.TestCrews" name="test_get_crews" time="0.048" /><testcase classname="backend.tests.test_arenadare.TestCrews" name="test_crews_require_auth" time="0.045" /></testsuite></testsuites>