<?xml version="1.0" encoding="utf-8"?><testsuites name="pytest tests"><testsuite name="pytest" errors="0" failures="0" skipped="0" tests="9" time="2.385" timestamp="2026-03-28T07:45:08.707835+00:00" hostname="agent-env-10abe0d0-c1d4-471c-ae49-94900b63250b"><testcase classname="backend.tests.test_sprint16_nexus_protocol.TestAuthFlow" name="test_founder_login_success" time="1.539" /><testcase classname="backend.tests.test_sprint16_nexus_protocol.TestAuthFlow" name="test_founder_me_endpoint" time="0.379" /><testcase classname="backend.tests.test_sprint16_nexus_protocol.TestFiveBeatDnaEndpoint" name="test_5beat_dna_requires_auth" time="0.042" /><testcase classname="backend.tests.test_sprint16_nexus_protocol.TestFiveBeatDnaEndpoint" name="test_5beat_dna_empty_body_fails" time="0.042" /><testcase classname="backend.tests.test_sprint16_nexus_protocol.TestFiveBeatDnaEndpoint" name="test_5beat_dna_saves_all_6_keys" time="0.044" /><testcase classname="backend.tests.test_sprint16_nexus_protocol.TestFiveBeatDnaEndpoint" name="test_5beat_dna_values_persist_to_me" time="0.087" /><testcase classname="backend.tests.test_sprint16_nexus_protocol.TestFiveBeatDnaEndpoint" name="test_5beat_dna_invalid_values_skipped" time="0.044" /><testcase classname="backend.tests.test_sprint16_nexus_protocol.TestFiveBeatDnaEndpoint" name="test_5beat_dna_response_structure" time="0.044" /><testcase classname="backend.tests.test_sprint16_nexus_protocol.TestRescanEligibility" name="test_rescan_eligibility_returns_data" time="0.042" /></testsuite></testsuites>