<?xml version="1.0" encoding="utf-8"?><testsuites name="pytest tests"><testsuite name="pytest" errors="0" failures="0" skipped="0" tests="25" time="1.875" timestamp="2026-04-01T03:49:23.107418+00:00" hostname="agent-env-8a3c64f5-3147-4112-a80f-23ed785bd681"><testcase classname="backend.tests.test_sprint27_ak_credits.TestAKBalance" name="test_get_balance_status" time="0.576" /><testcase classname="backend.tests.test_sprint27_ak_credits.TestAKBalance" name="test_get_balance_has_ak_credits_field" time="0.049" /><testcase classname="backend.tests.test_sprint27_ak_credits.TestAKBalance" name="test_get_balance_stefano_has_credits" time="0.049" /><testcase classname="backend.tests.test_sprint27_ak_credits.TestAKBalance" name="test_get_balance_has_unlocked_tools" time="0.047" /><testcase classname="backend.tests.test_sprint27_ak_credits.TestAKBalance" name="test_get_balance_has_transactions" time="0.047" /><testcase classname="backend.tests.test_sprint27_ak_credits.TestAKTools" name="test_get_tools_status" time="0.051" /><testcase classname="backend.tests.test_sprint27_ak_credits.TestAKTools" name="test_get_tools_has_5_tools" time="0.047" /><testcase classname="backend.tests.test_sprint27_ak_credits.TestAKTools" name="test_tools_have_required_fields" time="0.067" /><testcase classname="backend.tests.test_sprint27_ak_credits.TestAKTools" name="test_injury_prevention_unlocked_for_founder" time="0.049" /><testcase classname="backend.tests.test_sprint27_ak_credits.TestAKTools" name="test_dna_radar_pro_can_afford" time="0.053" /><testcase classname="backend.tests.test_sprint27_ak_credits.TestAKTools" name="test_ai_matchmaker_not_unlocked_yet" time="0.049" /><testcase classname="backend.tests.test_sprint27_ak_credits.TestAKTools" name="test_tools_names_match_expected" time="0.050" /><testcase classname="backend.tests.test_sprint27_ak_credits.TestAKEarn" name="test_earn_nexus_scan_status" time="0.050" /><testcase classname="backend.tests.test_sprint27_ak_credits.TestAKEarn" name="test_earn_nexus_scan_amount" time="0.052" /><testcase classname="backend.tests.test_sprint27_ak_credits.TestAKEarn" name="test_earn_invalid_reason" time="0.051" /><testcase classname="backend.tests.test_sprint27_ak_credits.TestAKEarn" name="test_earn_pvp_win" time="0.049" /><testcase classname="backend.tests.test_sprint27_ak_credits.TestAKEarn" name="test_earn_crew_battle_win" time="0.049" /><testcase classname="backend.tests.test_sprint27_ak_credits.TestAKAIPrompt" name="test_ai_prompt_status" time="0.047" /><testcase classname="backend.tests.test_sprint27_ak_credits.TestAKAIPrompt" name="test_ai_prompt_has_prompts_field" time="0.047" /><testcase classname="backend.tests.test_sprint27_ak_credits.TestAKAIPrompt" name="test_ai_prompt_has_at_least_one_prompt" time="0.047" /><testcase classname="backend.tests.test_sprint27_ak_credits.TestAKAIPrompt" name="test_ai_prompt_no_accumula_ak_for_650" time="0.056" /><testcase classname="backend.tests.test_sprint27_ak_credits.TestAKAIPrompt" name="test_ai_prompt_prompt_has_required_fields" time="0.048" /><testcase classname="backend.tests.test_sprint27_ak_credits.TestAKAIPrompt" name="test_ai_prompt_max_2_prompts" time="0.047" /><testcase classname="backend.tests.test_sprint27_ak_credits.TestAKUnlock" name="test_unlock_tool_endpoint_exists" time="0.054" /><testcase classname="backend.tests.test_sprint27_ak_credits.TestAKUnlock" name="test_unauthorized_access" time="0.046" /></testsuite></testsuites>