<?xml version="1.0" encoding="utf-8"?><testsuites name="pytest tests"><testsuite name="pytest" errors="0" failures="0" skipped="0" tests="27" time="4.650" timestamp="2026-04-01T18:55:51.692847+00:00" hostname="agent-env-8a3c64f5-3147-4112-a80f-23ed785bd681"><testcase classname="backend.tests.test_sprint34_talent_report_privacy.TestAuthMe" name="test_me_returns_is_nexus_certified" time="0.542" /><testcase classname="backend.tests.test_sprint34_talent_report_privacy.TestAuthMe" name="test_me_returns_scout_visible" time="0.108" /><testcase classname="backend.tests.test_sprint34_talent_report_privacy.TestAuthMe" name="test_stefano_is_nexus_certified_true" time="0.152" /><testcase classname="backend.tests.test_sprint34_talent_report_privacy.TestTalentReport" name="test_talent_report_requires_auth" time="0.309" /><testcase classname="backend.tests.test_sprint34_talent_report_privacy.TestTalentReport" name="test_talent_report_returns_200" time="0.124" /><testcase classname="backend.tests.test_sprint34_talent_report_privacy.TestTalentReport" name="test_talent_report_has_athlete_profile" time="0.111" /><testcase classname="backend.tests.test_sprint34_talent_report_privacy.TestTalentReport" name="test_talent_report_has_kore_score" time="0.124" /><testcase classname="backend.tests.test_sprint34_talent_report_privacy.TestTalentReport" name="test_talent_report_has_dna_and_world_avg" time="0.120" /><testcase classname="backend.tests.test_sprint34_talent_report_privacy.TestTalentReport" name="test_talent_report_has_six_axis" time="0.112" /><testcase classname="backend.tests.test_sprint34_talent_report_privacy.TestTalentReport" name="test_talent_report_has_injury_risk" time="0.184" /><testcase classname="backend.tests.test_sprint34_talent_report_privacy.TestTalentReport" name="test_talent_report_has_scan_trend" time="0.101" /><testcase classname="backend.tests.test_sprint34_talent_report_privacy.TestTalentReport" name="test_talent_report_has_forecast_30d" time="0.107" /><testcase classname="backend.tests.test_sprint34_talent_report_privacy.TestTalentReport" name="test_talent_report_has_generated_at" time="0.107" /><testcase classname="backend.tests.test_sprint34_talent_report_privacy.TestTalentReport" name="test_talent_report_athlete_has_is_nexus_certified" time="0.112" /><testcase classname="backend.tests.test_sprint34_talent_report_privacy.TestTalentReport" name="test_talent_report_invalid_id_returns_404" time="0.135" /><testcase classname="backend.tests.test_sprint34_talent_report_privacy.TestScoutVisibility" name="test_scout_visibility_requires_auth" time="0.123" /><testcase classname="backend.tests.test_sprint34_talent_report_privacy.TestScoutVisibility" name="test_set_scout_invisible" time="0.124" /><testcase classname="backend.tests.test_sprint34_talent_report_privacy.TestScoutVisibility" name="test_scout_invisible_persists_in_me" time="0.248" /><testcase classname="backend.tests.test_sprint34_talent_report_privacy.TestScoutVisibility" name="test_set_scout_visible_restores" time="0.100" /><testcase classname="backend.tests.test_sprint34_talent_report_privacy.TestScoutVisibility" name="test_scout_visible_persists_in_me" time="0.127" /><testcase classname="backend.tests.test_sprint34_talent_report_privacy.TestScoutVisibility" name="test_scout_invisible_removes_from_talent_discovery" time="0.451" /><testcase classname="backend.tests.test_sprint34_talent_report_privacy.TestLeaderboardCertBadge" name="test_leaderboard_global_returns_200" time="0.131" /><testcase classname="backend.tests.test_sprint34_talent_report_privacy.TestLeaderboardCertBadge" name="test_leaderboard_has_is_nexus_certified_field" time="0.111" /><testcase classname="backend.tests.test_sprint34_talent_report_privacy.TestLeaderboardCertBadge" name="test_leaderboard_certified_athletes_have_bool_flag" time="0.114" /><testcase classname="backend.tests.test_sprint34_talent_report_privacy.TestTalentDiscoveryReportButton" name="test_discovery_returns_athletes" time="0.125" /><testcase classname="backend.tests.test_sprint34_talent_report_privacy.TestTalentDiscoveryReportButton" name="test_discovery_athletes_have_id" time="0.147" /><testcase classname="backend.tests.test_sprint34_talent_report_privacy.TestTalentDiscoveryReportButton" name="test_report_for_non_self_athlete" time="0.296" /></testsuite></testsuites>