<?xml version="1.0" encoding="utf-8"?><testsuites name="pytest tests"><testsuite name="pytest" errors="0" failures="0" skipped="2" tests="17" time="2.645" timestamp="2026-04-01T03:34:34.813325+00:00" hostname="agent-env-8a3c64f5-3147-4112-a80f-23ed785bd681"><testcase classname="backend.tests.test_sprint26_enterprise.TestCoachTier" name="test_tier_endpoint_exists" time="0.505" /><testcase classname="backend.tests.test_sprint26_enterprise.TestCoachTier" name="test_tier_returns_elite_for_founder" time="0.103" /><testcase classname="backend.tests.test_sprint26_enterprise.TestCoachTier" name="test_tier_has_features_dict" time="0.097" /><testcase classname="backend.tests.test_sprint26_enterprise.TestCoachTier" name="test_tier_requires_auth" time="0.101" /><testcase classname="backend.tests.test_sprint26_enterprise.TestLiveEvents" name="test_live_events_endpoint_exists" time="0.111" /><testcase classname="backend.tests.test_sprint26_enterprise.TestLiveEvents" name="test_live_events_returns_events_and_gym_id" time="0.115" /><testcase classname="backend.tests.test_sprint26_enterprise.TestLiveEvents" name="test_live_events_gym_id_matches_kore_gym" time="0.116" /><testcase classname="backend.tests.test_sprint26_enterprise.TestLiveEvents" name="test_live_events_requires_auth" time="0.103" /><testcase classname="backend.tests.test_sprint26_enterprise.TestWebSocketEndpoint" name="test_ws_endpoint_not_404" time="0.103"><skipped type="pytest.skip" message="K8s proxy returns 404 for HTTP probes to WS routes (actual WS confirmed working in backend logs). Status: 404">/app/backend/tests/test_sprint26_enterprise.py:148: K8s proxy returns 404 for HTTP probes to WS routes (actual WS confirmed working in backend logs). Status: 404</skipped></testcase><testcase classname="backend.tests.test_sprint26_enterprise.TestWebSocketEndpoint" name="test_ws_endpoint_no_token_rejected" time="0.108"><skipped type="pytest.skip" message="K8s proxy returns 404 for HTTP probes to WS routes (actual WS confirmed working). Status: 404">/app/backend/tests/test_sprint26_enterprise.py:153: K8s proxy returns 404 for HTTP probes to WS routes (actual WS confirmed working). Status: 404</skipped></testcase><testcase classname="backend.tests.test_sprint26_enterprise.TestCoachAlerts" name="test_alerts_endpoint_exists" time="0.108" /><testcase classname="backend.tests.test_sprint26_enterprise.TestCoachAlerts" name="test_alerts_response_structure" time="0.103" /><testcase classname="backend.tests.test_sprint26_enterprise.TestCoachAlerts" name="test_alerts_items_have_required_fields" time="0.110" /><testcase classname="backend.tests.test_sprint26_enterprise.TestCoachAlerts" name="test_alerts_requires_auth" time="0.103" /><testcase classname="backend.tests.test_sprint26_enterprise.TestAuthShield" name="test_athlete_cannot_access_gym_dashboard" time="0.436" /><testcase classname="backend.tests.test_sprint26_enterprise.TestAuthShield" name="test_athlete_cannot_access_coach_alerts" time="0.137" /><testcase classname="backend.tests.test_sprint26_enterprise.TestAuthShield" name="test_athlete_cannot_access_live_events" time="0.100" /></testsuite></testsuites>