<?xml version="1.0" encoding="utf-8"?><testsuites name="pytest tests"><testsuite name="pytest" errors="0" failures="0" skipped="0" tests="25" time="1.767" timestamp="2026-04-01T07:47:48.617525+00:00" hostname="agent-env-8a3c64f5-3147-4112-a80f-23ed785bd681"><testcase classname="backend.tests.test_sprint32_kore_score.TestAthletesFullKoreFields" name="test_returns_200" time="0.629" /><testcase classname="backend.tests.test_sprint32_kore_score.TestAthletesFullKoreFields" name="test_has_athletes_list" time="0.000" /><testcase classname="backend.tests.test_sprint32_kore_score.TestAthletesFullKoreFields" name="test_each_athlete_has_kore_score" time="0.000" /><testcase classname="backend.tests.test_sprint32_kore_score.TestAthletesFullKoreFields" name="test_each_athlete_has_kore_grade" time="0.000" /><testcase classname="backend.tests.test_sprint32_kore_score.TestAthletesFullKoreFields" name="test_each_athlete_has_kore_color" time="0.000" /><testcase classname="backend.tests.test_sprint32_kore_score.TestAthletesFullKoreFields" name="test_kore_score_range_0_100" time="0.000" /><testcase classname="backend.tests.test_sprint32_kore_score.TestAthletesFullKoreFields" name="test_kore_grade_consistent_with_score" time="0.000" /><testcase classname="backend.tests.test_sprint32_kore_score.TestKoreScoreBreakdown" name="test_breakdown_returns_200" time="0.137" /><testcase classname="backend.tests.test_sprint32_kore_score.TestKoreScoreBreakdown" name="test_kore_score_top_level" time="0.000" /><testcase classname="backend.tests.test_sprint32_kore_score.TestKoreScoreBreakdown" name="test_kore_score_score_field" time="0.000" /><testcase classname="backend.tests.test_sprint32_kore_score.TestKoreScoreBreakdown" name="test_kore_score_grade_field" time="0.000" /><testcase classname="backend.tests.test_sprint32_kore_score.TestKoreScoreBreakdown" name="test_kore_score_color_field" time="0.000" /><testcase classname="backend.tests.test_sprint32_kore_score.TestKoreScoreBreakdown" name="test_kore_score_verdict_field" time="0.000" /><testcase classname="backend.tests.test_sprint32_kore_score.TestKoreScoreBreakdown" name="test_kore_score_penalty_active_field" time="0.000" /><testcase classname="backend.tests.test_sprint32_kore_score.TestKoreScoreBreakdown" name="test_kore_score_posture_penalty_field" time="0.000" /><testcase classname="backend.tests.test_sprint32_kore_score.TestKoreScoreBreakdown" name="test_kore_score_breakdown_dict" time="0.000" /><testcase classname="backend.tests.test_sprint32_kore_score.TestKoreScoreBreakdown" name="test_breakdown_volume_component" time="0.000" /><testcase classname="backend.tests.test_sprint32_kore_score.TestKoreScoreBreakdown" name="test_breakdown_intensity_component" time="0.000" /><testcase classname="backend.tests.test_sprint32_kore_score.TestKoreScoreBreakdown" name="test_breakdown_biometric_component" time="0.000" /><testcase classname="backend.tests.test_sprint32_kore_score.TestKoreScoreBreakdown" name="test_contribution_math_check" time="0.000" /><testcase classname="backend.tests.test_sprint32_kore_score.TestKoreScoreLogic" name="test_posture_penalty_activates_when_gap_over_10" time="0.293" /><testcase classname="backend.tests.test_sprint32_kore_score.TestKoreScoreLogic" name="test_breakdown_labels_correct" time="0.252" /><testcase classname="backend.tests.test_sprint32_kore_score.TestKoreScoreLogic" name="test_invalid_athlete_id_returns_404" time="0.141" /><testcase classname="backend.tests.test_sprint32_kore_score.TestKoreScoreLogic" name="test_unauthenticated_breakdown_returns_403_or_401" time="0.105" /><testcase classname="backend.tests.test_sprint32_kore_score.TestKoreScoreLogic" name="test_unauthenticated_athletes_full_returns_403_or_401" time="0.093" /></testsuite></testsuites>