<?xml version="1.0" encoding="utf-8"?><testsuites name="pytest tests"><testsuite name="pytest" errors="0" failures="0" skipped="0" tests="30" time="5.087" timestamp="2026-04-01T00:45:09.024089+00:00" hostname="agent-env-8a3c64f5-3147-4112-a80f-23ed785bd681"><testcase classname="backend.tests.test_coach_studio.TestCoachAthletes" name="test_get_athletes_returns_200" time="0.752" /><testcase classname="backend.tests.test_coach_studio.TestCoachAthletes" name="test_get_athletes_returns_athletes_array" time="0.150" /><testcase classname="backend.tests.test_coach_studio.TestCoachAthletes" name="test_get_athletes_count_matches_total" time="0.114" /><testcase classname="backend.tests.test_coach_studio.TestCoachAthletes" name="test_get_athletes_returns_9_athletes" time="0.121" /><testcase classname="backend.tests.test_coach_studio.TestCoachAthletes" name="test_athlete_has_required_fields" time="0.108" /><testcase classname="backend.tests.test_coach_studio.TestCoachAthletes" name="test_athlete_dna_has_all_6_attributes" time="0.137" /><testcase classname="backend.tests.test_coach_studio.TestCoachAthletes" name="test_sort_by_dna_avg" time="0.221" /><testcase classname="backend.tests.test_coach_studio.TestCoachAthletes" name="test_filter_by_min_score" time="0.154" /><testcase classname="backend.tests.test_coach_studio.TestCoachAthletes" name="test_no_auth_returns_401" time="0.105" /><testcase classname="backend.tests.test_coach_studio.TestCoachAthletes" name="test_crew_count_returned" time="0.129" /><testcase classname="backend.tests.test_coach_studio.TestCoachCompliance" name="test_get_compliance_returns_200" time="0.162" /><testcase classname="backend.tests.test_coach_studio.TestCoachCompliance" name="test_compliance_has_templates_array" time="0.178" /><testcase classname="backend.tests.test_coach_studio.TestCoachCompliance" name="test_compliance_has_total" time="0.148" /><testcase classname="backend.tests.test_coach_studio.TestCoachCompliance" name="test_compliance_template_structure" time="0.111" /><testcase classname="backend.tests.test_coach_studio.TestCoachCompliance" name="test_compliance_pct_is_percentage" time="0.118" /><testcase classname="backend.tests.test_coach_studio.TestCoachCompliance" name="test_no_auth_returns_401" time="0.159" /><testcase classname="backend.tests.test_coach_studio.TestCoachRadar" name="test_radar_returns_200" time="0.219" /><testcase classname="backend.tests.test_coach_studio.TestCoachRadar" name="test_radar_returns_athletes_array" time="0.111" /><testcase classname="backend.tests.test_coach_studio.TestCoachRadar" name="test_radar_athlete_has_dna" time="0.164" /><testcase classname="backend.tests.test_coach_studio.TestCoachRadar" name="test_radar_returns_group_avg" time="0.107" /><testcase classname="backend.tests.test_coach_studio.TestCoachRadar" name="test_radar_max_4_athletes" time="0.277" /><testcase classname="backend.tests.test_coach_studio.TestCoachRadar" name="test_no_auth_returns_401" time="0.094" /><testcase classname="backend.tests.test_coach_studio.TestCoachAISuggestion" name="test_ai_suggestion_with_athletes_returns_200" time="0.220" /><testcase classname="backend.tests.test_coach_studio.TestCoachAISuggestion" name="test_ai_suggestion_empty_athletes_demo_mode" time="0.129" /><testcase classname="backend.tests.test_coach_studio.TestCoachAISuggestion" name="test_ai_suggestion_has_suggestion_field" time="0.122" /><testcase classname="backend.tests.test_coach_studio.TestCoachAISuggestion" name="test_ai_suggestion_blocks_structure" time="0.111" /><testcase classname="backend.tests.test_coach_studio.TestCoachAISuggestion" name="test_ai_suggestion_has_intensity" time="0.102" /><testcase classname="backend.tests.test_coach_studio.TestCoachAISuggestion" name="test_ai_suggestion_has_focus_label" time="0.128" /><testcase classname="backend.tests.test_coach_studio.TestCoachAISuggestion" name="test_ai_suggestion_group_avg_returned" time="0.130" /><testcase classname="backend.tests.test_coach_studio.TestCoachAISuggestion" name="test_ai_suggestion_no_auth_returns_401" time="0.106" /></testsuite></testsuites>