<?xml version="1.0" encoding="utf-8"?><testsuites name="pytest tests"><testsuite name="pytest" errors="0" failures="0" skipped="0" tests="17" time="1.776" timestamp="2026-04-01T04:48:22.641444+00:00" hostname="agent-env-8a3c64f5-3147-4112-a80f-23ed785bd681"><testcase classname="backend.tests.test_register_nexus.TestHealth" name="test_health" time="0.378" /><testcase classname="backend.tests.test_register_nexus.TestRegister" name="test_register_returns_200" time="0.273" /><testcase classname="backend.tests.test_register_nexus.TestRegister" name="test_register_returns_token" time="0.000" /><testcase classname="backend.tests.test_register_nexus.TestRegister" name="test_register_returns_user_object" time="0.000" /><testcase classname="backend.tests.test_register_nexus.TestRegister" name="test_register_ak_credits_zero" time="0.000" /><testcase classname="backend.tests.test_register_nexus.TestRegister" name="test_register_unlocked_tools_empty" time="0.000" /><testcase classname="backend.tests.test_register_nexus.TestRegister" name="test_register_gender_persisted" time="0.000" /><testcase classname="backend.tests.test_register_nexus.TestRegister" name="test_register_email_normalized" time="0.000" /><testcase classname="backend.tests.test_register_nexus.TestRegister" name="test_register_username_uppercase_stored" time="0.000" /><testcase classname="backend.tests.test_register_nexus.TestRegister" name="test_register_founder_protocol" time="0.000" /><testcase classname="backend.tests.test_register_nexus.TestRegister" name="test_register_duplicate_email_fails" time="0.055" /><testcase classname="backend.tests.test_register_nexus.TestRegister" name="test_register_duplicate_username_fails" time="0.093" /><testcase classname="backend.tests.test_register_nexus.TestRegister" name="test_register_short_password_fails" time="0.047" /><testcase classname="backend.tests.test_register_nexus.TestRegister" name="test_register_short_username_fails" time="0.043" /><testcase classname="backend.tests.test_register_nexus.TestRegister" name="test_register_with_all_bio_fields" time="0.269" /><testcase classname="backend.tests.test_register_nexus.TestRegister" name="test_register_gender_altro" time="0.270" /><testcase classname="backend.tests.test_register_nexus.TestRegister" name="test_login_after_register" time="0.265" /></testsuite></testsuites>