<?xml version="1.0" encoding="utf-8"?><testsuites name="pytest tests"><testsuite name="pytest" errors="0" failures="0" skipped="0" tests="21" time="3.471" timestamp="2026-04-01T17:57:02.752814+00:00" hostname="agent-env-8a3c64f5-3147-4112-a80f-23ed785bd681"><testcase classname="backend.tests.test_sprint33_ak_drops_certbadge_talent_v2.TestAuthAndProfile" name="test_stefano_has_onboarding_completed" time="0.604" /><testcase classname="backend.tests.test_sprint33_ak_drops_certbadge_talent_v2.TestAuthAndProfile" name="test_stefano_has_dna" time="0.000" /><testcase classname="backend.tests.test_sprint33_ak_drops_certbadge_talent_v2.TestAuthAndProfile" name="test_stefano_has_ak_drops" time="0.000" /><testcase classname="backend.tests.test_sprint33_ak_drops_certbadge_talent_v2.TestTalentDiscoveryDefaultSort" name="test_discovery_returns_200" time="0.170" /><testcase classname="backend.tests.test_sprint33_ak_drops_certbadge_talent_v2.TestTalentDiscoveryDefaultSort" name="test_discovery_response_structure" time="0.174" /><testcase classname="backend.tests.test_sprint33_ak_drops_certbadge_talent_v2.TestTalentDiscoveryDefaultSort" name="test_discovery_sorted_by_efficiency_ratio_default" time="0.181" /><testcase classname="backend.tests.test_sprint33_ak_drops_certbadge_talent_v2.TestTalentDiscoveryDefaultSort" name="test_athlete_fields_include_efficiency_ratio" time="0.147" /><testcase classname="backend.tests.test_sprint33_ak_drops_certbadge_talent_v2.TestTalentDiscoveryDefaultSort" name="test_athlete_fields_include_is_certified" time="0.149" /><testcase classname="backend.tests.test_sprint33_ak_drops_certbadge_talent_v2.TestTalentDiscoveryDefaultSort" name="test_athlete_fields_include_is_free_agent" time="0.172" /><testcase classname="backend.tests.test_sprint33_ak_drops_certbadge_talent_v2.TestTalentDiscoveryDefaultSort" name="test_athlete_fields_include_dominant_discipline" time="0.131" /><testcase classname="backend.tests.test_sprint33_ak_drops_certbadge_talent_v2.TestTalentDiscoveryDefaultSort" name="test_athlete_fields_include_crews" time="0.196" /><testcase classname="backend.tests.test_sprint33_ak_drops_certbadge_talent_v2.TestTalentDiscoveryDefaultSort" name="test_efficiency_ratio_not_sorted_by_relative_score" time="0.133" /><testcase classname="backend.tests.test_sprint33_ak_drops_certbadge_talent_v2.TestTalentDiscoveryFilters" name="test_crew_status_free_agent_filter" time="0.196" /><testcase classname="backend.tests.test_sprint33_ak_drops_certbadge_talent_v2.TestTalentDiscoveryFilters" name="test_discipline_power_filter" time="0.175" /><testcase classname="backend.tests.test_sprint33_ak_drops_certbadge_talent_v2.TestTalentDiscoveryFilters" name="test_combined_free_agent_power_filter" time="0.126" /><testcase classname="backend.tests.test_sprint33_ak_drops_certbadge_talent_v2.TestTalentDiscoveryFilters" name="test_continent_eu_filter" time="0.110" /><testcase classname="backend.tests.test_sprint33_ak_drops_certbadge_talent_v2.TestTalentDiscoveryFilters" name="test_sort_by_dna_avg_works" time="0.136" /><testcase classname="backend.tests.test_sprint33_ak_drops_certbadge_talent_v2.TestTalentDiscoveryFilters" name="test_discovery_requires_auth" time="0.124" /><testcase classname="backend.tests.test_sprint33_ak_drops_certbadge_talent_v2.TestTalentDiscoveryFilters" name="test_certified_athletes_in_results" time="0.148" /><testcase classname="backend.tests.test_sprint33_ak_drops_certbadge_talent_v2.TestEfficiencyRatioFormula" name="test_efficiency_ratio_formula_correct" time="0.131" /><testcase classname="backend.tests.test_sprint33_ak_drops_certbadge_talent_v2.TestEfficiencyRatioFormula" name="test_low_level_high_dna_has_high_efficiency" time="0.128" /></testsuite></testsuites>