<?xml version="1.0" encoding="utf-8"?><testsuites name="pytest tests"><testsuite name="pytest" errors="0" failures="0" skipped="0" tests="18" time="2.324" timestamp="2026-03-27T23:34:43.458512+00:00" hostname="agent-env-c3a34dad-1163-4952-9730-329963623a43"><testcase classname="backend.tests.test_sprint9_notifications.TestGetNotifications" name="test_notifications_requires_auth" time="0.282" /><testcase classname="backend.tests.test_sprint9_notifications.TestGetNotifications" name="test_notifications_response_structure" time="0.354" /><testcase classname="backend.tests.test_sprint9_notifications.TestGetNotifications" name="test_notifications_item_structure" time="0.060" /><testcase classname="backend.tests.test_sprint9_notifications.TestGetNotifications" name="test_admin_notifications_response_structure" time="0.327" /><testcase classname="backend.tests.test_sprint9_notifications.TestNotificationTestTrigger" name="test_test_trigger_requires_auth" time="0.049" /><testcase classname="backend.tests.test_sprint9_notifications.TestNotificationTestTrigger" name="test_test_trigger_creates_notification" time="0.052" /><testcase classname="backend.tests.test_sprint9_notifications.TestNotificationTestTrigger" name="test_after_trigger_unread_count_increases" time="0.170" /><testcase classname="backend.tests.test_sprint9_notifications.TestNotificationTestTrigger" name="test_triggered_notification_has_correct_title" time="0.092" /><testcase classname="backend.tests.test_sprint9_notifications.TestMarkNotificationRead" name="test_mark_single_notification_read" time="0.198" /><testcase classname="backend.tests.test_sprint9_notifications.TestMarkNotificationRead" name="test_mark_invalid_id_returns_error" time="0.053" /><testcase classname="backend.tests.test_sprint9_notifications.TestMarkNotificationRead" name="test_mark_all_notifications_read" time="0.148" /><testcase classname="backend.tests.test_sprint9_notifications.TestMarkNotificationRead" name="test_mark_read_requires_auth" time="0.050" /><testcase classname="backend.tests.test_sprint9_notifications.TestDnaHistory" name="test_dna_history_requires_auth" time="0.047" /><testcase classname="backend.tests.test_sprint9_notifications.TestDnaHistory" name="test_dna_history_response_structure" time="0.054" /><testcase classname="backend.tests.test_sprint9_notifications.TestDnaHistory" name="test_chicago_has_at_least_one_scan" time="0.052" /><testcase classname="backend.tests.test_sprint9_notifications.TestDnaHistory" name="test_dna_history_scan_structure" time="0.051" /><testcase classname="backend.tests.test_sprint9_notifications.TestDnaHistory" name="test_admin_dna_history" time="0.056" /><testcase classname="backend.tests.test_sprint9_notifications.TestDnaHistory" name="test_improvements_over_time_length" time="0.052" /></testsuite></testsuites>