<?xml version="1.0" encoding="utf-8"?><testsuites name="pytest tests"><testsuite name="pytest" errors="0" failures="1" skipped="1" tests="17" time="3.698" timestamp="2026-03-28T02:43:26.633815+00:00" hostname="agent-env-2c4c648f-4f4d-4dd5-b126-869cff9b9215"><testcase classname="backend.tests.test_sprint10_legacy_initiation.TestFounderLogin" name="test_founder_login_success" time="0.433" /><testcase classname="backend.tests.test_sprint10_legacy_initiation.TestFounderLogin" name="test_founder_is_founder_flag" time="0.268" /><testcase classname="backend.tests.test_sprint10_legacy_initiation.TestFounderLogin" name="test_founder_number_is_00001" time="0.272" /><testcase classname="backend.tests.test_sprint10_legacy_initiation.TestFounderLogin" name="test_founder_token_valid" time="0.315" /><testcase classname="backend.tests.test_sprint10_legacy_initiation.TestFounderLogin" name="test_wrong_password_rejected" time="0.269" /><testcase classname="backend.tests.test_sprint10_legacy_initiation.TestRegisterAPI" name="test_register_full_data" time="0.059"><failure message="AssertionError: Register failed: 400 {&quot;detail&quot;:&quot;Username già in uso&quot;}&#10;assert 400 == 200&#10; +  where 400 = &lt;Response [400]&gt;.status_code">backend/tests/test_sprint10_legacy_initiation.py:116: in test_register_full_data
    assert resp.status_code == 200, f"Register failed: {resp.status_code} {resp.text}"
E   AssertionError: Register failed: 400 {"detail":"Username già in uso"}
E   assert 400 == 200
E    +  where 400 = &lt;Response [400]&gt;.status_code</failure></testcase><testcase classname="backend.tests.test_sprint10_legacy_initiation.TestRegisterAPI" name="test_register_returns_user_fields" time="0.267" /><testcase classname="backend.tests.test_sprint10_legacy_initiation.TestRegisterAPI" name="test_register_new_user_is_founder" time="0.269" /><testcase classname="backend.tests.test_sprint10_legacy_initiation.TestRegisterAPI" name="test_duplicate_email_rejected" time="0.047" /><testcase classname="backend.tests.test_sprint10_legacy_initiation.TestRegisterAPI" name="test_duplicate_username_rejected" time="0.049" /><testcase classname="backend.tests.test_sprint10_legacy_initiation.TestRegisterAPI" name="test_short_password_rejected" time="0.043" /><testcase classname="backend.tests.test_sprint10_legacy_initiation.TestRegisterAPI" name="test_register_without_optional_fields" time="0.272" /><testcase classname="backend.tests.test_sprint10_legacy_initiation.TestRegisterAPI" name="test_height_weight_age_persisted" time="0.326" /><testcase classname="backend.tests.test_sprint10_legacy_initiation.TestIDRecovery" name="test_forgot_password_valid_email" time="0.051" /><testcase classname="backend.tests.test_sprint10_legacy_initiation.TestIDRecovery" name="test_forgot_password_unknown_email" time="0.053" /><testcase classname="backend.tests.test_sprint10_legacy_initiation.TestIDRecovery" name="test_full_otp_flow" time="0.046"><skipped type="pytest.skip" message="dev_otp not available">/app/backend/tests/test_sprint10_legacy_initiation.py:244: dev_otp not available</skipped></testcase><testcase classname="backend.tests.test_sprint10_legacy_initiation.TestCleanup" name="test_verify_test_users_exist" time="0.540" /></testsuite></testsuites>