<?xml version="1.0" encoding="utf-8"?><testsuites name="pytest tests"><testsuite name="pytest" errors="0" failures="0" skipped="0" tests="28" time="4.071" timestamp="2026-04-01T04:14:38.673935+00:00" hostname="agent-env-8a3c64f5-3147-4112-a80f-23ed785bd681"><testcase classname="backend.tests.test_sprint28_scouting_ak_drops.TestTalentDiscovery" name="test_discovery_returns_200" time="0.495" /><testcase classname="backend.tests.test_sprint28_scouting_ak_drops.TestTalentDiscovery" name="test_discovery_response_structure" time="0.119" /><testcase classname="backend.tests.test_sprint28_scouting_ak_drops.TestTalentDiscovery" name="test_discovery_athletes_have_required_fields" time="0.113" /><testcase classname="backend.tests.test_sprint28_scouting_ak_drops.TestTalentDiscovery" name="test_discovery_talent_tier_values" time="0.124" /><testcase classname="backend.tests.test_sprint28_scouting_ak_drops.TestTalentDiscovery" name="test_discovery_relative_score_is_numeric" time="0.122" /><testcase classname="backend.tests.test_sprint28_scouting_ak_drops.TestTalentDiscovery" name="test_discovery_already_drafted_is_boolean" time="0.114" /><testcase classname="backend.tests.test_sprint28_scouting_ak_drops.TestTalentDiscovery" name="test_discovery_sorted_by_relative_score_by_default" time="0.120" /><testcase classname="backend.tests.test_sprint28_scouting_ak_drops.TestTalentDiscovery" name="test_discovery_sort_by_dna_avg" time="0.105" /><testcase classname="backend.tests.test_sprint28_scouting_ak_drops.TestTalentDiscovery" name="test_discovery_filter_by_min_dna" time="0.113" /><testcase classname="backend.tests.test_sprint28_scouting_ak_drops.TestTalentDiscovery" name="test_discovery_limit_default_20" time="0.109" /><testcase classname="backend.tests.test_sprint28_scouting_ak_drops.TestTalentDiscovery" name="test_discovery_excludes_self" time="0.230" /><testcase classname="backend.tests.test_sprint28_scouting_ak_drops.TestTalentDiscovery" name="test_discovery_unauthorized_returns_401" time="0.112" /><testcase classname="backend.tests.test_sprint28_scouting_ak_drops.TestTalentDraft" name="test_get_draft_target" time="0.109" /><testcase classname="backend.tests.test_sprint28_scouting_ak_drops.TestTalentDraft" name="test_draft_athlete_success" time="0.238" /><testcase classname="backend.tests.test_sprint28_scouting_ak_drops.TestTalentDraft" name="test_draft_duplicate_blocked" time="0.207" /><testcase classname="backend.tests.test_sprint28_scouting_ak_drops.TestTalentDraft" name="test_draft_invalid_id_returns_404" time="0.126" /><testcase classname="backend.tests.test_sprint28_scouting_ak_drops.TestTalentDraft" name="test_get_my_drafts" time="0.101" /><testcase classname="backend.tests.test_sprint28_scouting_ak_drops.TestTalentDraft" name="test_discovery_shows_drafted_as_already_drafted" time="0.243" /><testcase classname="backend.tests.test_sprint28_scouting_ak_drops.TestCertifiedTemplates" name="test_get_certified_templates_200" time="0.100" /><testcase classname="backend.tests.test_sprint28_scouting_ak_drops.TestCertifiedTemplates" name="test_certified_templates_count" time="0.112" /><testcase classname="backend.tests.test_sprint28_scouting_ak_drops.TestCertifiedTemplates" name="test_certified_templates_structure" time="0.107" /><testcase classname="backend.tests.test_sprint28_scouting_ak_drops.TestCertifiedTemplates" name="test_certified_templates_founder_unlocked" time="0.100" /><testcase classname="backend.tests.test_sprint28_scouting_ak_drops.TestCertifiedTemplates" name="test_certified_templates_ak_drops_in_response" time="0.107" /><testcase classname="backend.tests.test_sprint28_scouting_ak_drops.TestCertifiedTemplates" name="test_certified_template_names" time="0.108" /><testcase classname="backend.tests.test_sprint28_scouting_ak_drops.TestCertifiedTemplates" name="test_certified_template_certified_by_talosfit" time="0.108" /><testcase classname="backend.tests.test_sprint28_scouting_ak_drops.TestCertifiedTemplates" name="test_certified_templates_unauthorized" time="0.112" /><testcase classname="backend.tests.test_sprint28_scouting_ak_drops.TestCertifiedTemplates" name="test_unlock_already_unlocked_returns_200" time="0.111" /><testcase classname="backend.tests.test_sprint28_scouting_ak_drops.TestCertifiedTemplates" name="test_unlock_invalid_template_404" time="0.104" /></testsuite></testsuites>