<?xml version="1.0" encoding="utf-8"?><testsuites name="pytest tests"><testsuite name="pytest" errors="0" failures="0" skipped="0" tests="19" time="3.442" timestamp="2026-03-31T18:07:49.103579+00:00" hostname="agent-env-8a3c64f5-3147-4112-a80f-23ed785bd681"><testcase classname="backend.tests.test_sprint20_training_templates.TestMyTemplateEndpoint" name="test_my_template_returns_200" time="0.578" /><testcase classname="backend.tests.test_sprint20_training_templates.TestMyTemplateEndpoint" name="test_my_template_has_template_key" time="0.111" /><testcase classname="backend.tests.test_sprint20_training_templates.TestMyTemplateEndpoint" name="test_my_template_name_is_power_protocol" time="0.122" /><testcase classname="backend.tests.test_sprint20_training_templates.TestMyTemplateEndpoint" name="test_my_template_exercise_is_squat" time="0.100" /><testcase classname="backend.tests.test_sprint20_training_templates.TestMyTemplateEndpoint" name="test_my_template_target_reps_is_20" time="0.109" /><testcase classname="backend.tests.test_sprint20_training_templates.TestMyTemplateEndpoint" name="test_my_template_target_time_is_60" time="0.111" /><testcase classname="backend.tests.test_sprint20_training_templates.TestMyTemplateEndpoint" name="test_my_template_xp_reward_is_200" time="0.105" /><testcase classname="backend.tests.test_sprint20_training_templates.TestMyTemplateEndpoint" name="test_my_template_difficulty_is_hard" time="0.153" /><testcase classname="backend.tests.test_sprint20_training_templates.TestMyTemplateEndpoint" name="test_my_template_has_coach_name" time="0.116" /><testcase classname="backend.tests.test_sprint20_training_templates.TestMyTemplateEndpoint" name="test_my_template_dna_potential_approx_74" time="0.114" /><testcase classname="backend.tests.test_sprint20_training_templates.TestMyTemplateEndpoint" name="test_my_template_push_id_present" time="0.186" /><testcase classname="backend.tests.test_sprint20_training_templates.TestMyTemplateEndpoint" name="test_my_template_unauthenticated_returns_401" time="0.101" /><testcase classname="backend.tests.test_sprint20_training_templates.TestChallengesComplete" name="test_challenges_complete_basic_returns_200" time="0.133" /><testcase classname="backend.tests.test_sprint20_training_templates.TestChallengesComplete" name="test_challenges_complete_with_template_push_id" time="0.135" /><testcase classname="backend.tests.test_sprint20_training_templates.TestChallengesComplete" name="test_challenges_complete_coach_notified_true" time="0.116" /><testcase classname="backend.tests.test_sprint20_training_templates.TestChallengesComplete" name="test_challenges_complete_xp_earned_positive" time="0.116" /><testcase classname="backend.tests.test_sprint20_training_templates.TestChallengesComplete" name="test_challenges_complete_returns_user_object" time="0.129" /><testcase classname="backend.tests.test_sprint20_training_templates.TestChallengesComplete" name="test_challenges_complete_unauthenticated_returns_401" time="0.123" /><testcase classname="backend.tests.test_sprint20_training_templates.TestChallengesComplete" name="test_challenges_complete_completion_saved_to_push" time="0.686" /></testsuite></testsuites>