<?xml version="1.0" encoding="utf-8"?><testsuites name="pytest tests"><testsuite name="pytest" errors="0" failures="3" skipped="0" tests="23" time="3.207" timestamp="2026-03-28T08:51:14.409607+00:00" hostname="agent-env-10abe0d0-c1d4-471c-ae49-94900b63250b"><testcase classname="backend.tests.test_sprint17_city_rankings.TestCityRankingEndpoint" name="test_chicago_ranking_returns_200" time="0.610" /><testcase classname="backend.tests.test_sprint17_city_rankings.TestCityRankingEndpoint" name="test_chicago_response_structure" time="0.093" /><testcase classname="backend.tests.test_sprint17_city_rankings.TestCityRankingEndpoint" name="test_chicago_athlete_row_fields" time="0.107" /><testcase classname="backend.tests.test_sprint17_city_rankings.TestCityRankingEndpoint" name="test_chicago_has_min_7_athletes" time="0.130" /><testcase classname="backend.tests.test_sprint17_city_rankings.TestCityRankingEndpoint" name="test_stefano_is_rank_1" time="0.095"><failure message="AssertionError: Expected Stefano at rank 1, got rank 3&#10;assert 3 == 1">backend/tests/test_sprint17_city_rankings.py:103: in test_stefano_is_rank_1
    assert my_rank == 1, f"Expected Stefano at rank 1, got rank {my_rank}"
E   AssertionError: Expected Stefano at rank 1, got rank 3
E   assert 3 == 1</failure></testcase><testcase classname="backend.tests.test_sprint17_city_rankings.TestCityRankingEndpoint" name="test_stefano_is_me_in_top10" time="0.101"><failure message="AssertionError: is_me row should be rank 1, got rank 3&#10;assert 3 == 1">backend/tests/test_sprint17_city_rankings.py:117: in test_stefano_is_me_in_top10
    assert me["rank"] == 1, f"is_me row should be rank 1, got rank {me['rank']}"
E   AssertionError: is_me row should be rank 1, got rank 3
E   assert 3 == 1</failure></testcase><testcase classname="backend.tests.test_sprint17_city_rankings.TestCityRankingEndpoint" name="test_stefano_kore_score_approx_89" time="0.092"><failure message="AssertionError: KORE_SCORE out of expected range: 69.6&#10;assert 70 &lt;= 69.6">backend/tests/test_sprint17_city_rankings.py:130: in test_stefano_kore_score_approx_89
    assert 70 &lt;= my_score &lt;= 100, f"KORE_SCORE out of expected range: {my_score}"
E   AssertionError: KORE_SCORE out of expected range: 69.6
E   assert 70 &lt;= 69.6</failure></testcase><testcase classname="backend.tests.test_sprint17_city_rankings.TestCityRankingEndpoint" name="test_stefano_is_founder_in_top10" time="0.090" /><testcase classname="backend.tests.test_sprint17_city_rankings.TestCityRankingEndpoint" name="test_all_seed_athletes_present" time="0.097" /><testcase classname="backend.tests.test_sprint17_city_rankings.TestCityRankingEndpoint" name="test_ranking_sorted_by_kore_score" time="0.130" /><testcase classname="backend.tests.test_sprint17_city_rankings.TestCityRankingEndpoint" name="test_rank_numbers_sequential" time="0.173" /><testcase classname="backend.tests.test_sprint17_city_rankings.TestCityRankingEndpoint" name="test_seed_athlete_scores_approximate" time="0.093" /><testcase classname="backend.tests.test_sprint17_city_rankings.TestTokyoRankingEmpty" name="test_tokyo_returns_200" time="0.096" /><testcase classname="backend.tests.test_sprint17_city_rankings.TestTokyoRankingEmpty" name="test_tokyo_has_zero_athletes" time="0.093" /><testcase classname="backend.tests.test_sprint17_city_rankings.TestTokyoRankingEmpty" name="test_tokyo_my_rank_is_none" time="0.108" /><testcase classname="backend.tests.test_sprint17_city_rankings.TestProfileCityUpdate" name="test_update_city_returns_200" time="0.096" /><testcase classname="backend.tests.test_sprint17_city_rankings.TestProfileCityUpdate" name="test_update_city_normalizes_case" time="0.095" /><testcase classname="backend.tests.test_sprint17_city_rankings.TestProfileCityUpdate" name="test_update_city_empty_fails" time="0.130" /><testcase classname="backend.tests.test_sprint17_city_rankings.TestProfileCityUpdate" name="test_update_city_requires_auth" time="0.132" /><testcase classname="backend.tests.test_sprint17_city_rankings.TestProfileCityUpdate" name="test_update_city_and_verify_in_ranking" time="0.198" /><testcase classname="backend.tests.test_sprint17_city_rankings.TestCityRankingAuth" name="test_ranking_requires_auth" time="0.093" /><testcase classname="backend.tests.test_sprint17_city_rankings.TestKoreScoreFormula" name="test_kore_score_within_valid_range" time="0.117" /><testcase classname="backend.tests.test_sprint17_city_rankings.TestKoreScoreFormula" name="test_kore_score_formula_stefano" time="0.095" /></testsuite></testsuites>