<?xml version="1.0" encoding="utf-8"?><testsuites name="pytest tests"><testsuite name="pytest" errors="0" failures="0" skipped="0" tests="23" time="3.638" timestamp="2026-03-27T23:13:00.192102+00:00" hostname="agent-env-c3a34dad-1163-4952-9730-329963623a43"><testcase classname="backend.tests.test_sprint7_bio_evolution.TestLoginResponse" name="test_chicago_login_has_pro_unlocked" time="0.469" /><testcase classname="backend.tests.test_sprint7_bio_evolution.TestLoginResponse" name="test_admin_login_has_pro_unlocked" time="0.268" /><testcase classname="backend.tests.test_sprint7_bio_evolution.TestLoginResponse" name="test_login_token_field_name" time="0.277" /><testcase classname="backend.tests.test_sprint7_bio_evolution.TestRescanEligibility" name="test_eligibility_requires_auth" time="0.051" /><testcase classname="backend.tests.test_sprint7_bio_evolution.TestRescanEligibility" name="test_chicago_eligibility_structure" time="0.322" /><testcase classname="backend.tests.test_sprint7_bio_evolution.TestRescanEligibility" name="test_chicago_eligibility_validation_pending_phase" time="0.049" /><testcase classname="backend.tests.test_sprint7_bio_evolution.TestRescanEligibility" name="test_chicago_has_hours_or_days_remaining" time="0.048" /><testcase classname="backend.tests.test_sprint7_bio_evolution.TestRescanEligibility" name="test_pulsedemo_eligibility_no_scan" time="0.331" /><testcase classname="backend.tests.test_sprint7_bio_evolution.TestRescanEligibility" name="test_admin_eligibility_has_high_avg_dna" time="0.606" /><testcase classname="backend.tests.test_sprint7_bio_evolution.TestRescanEligibility" name="test_eligibility_improvement_rates_structure" time="0.044" /><testcase classname="backend.tests.test_sprint7_bio_evolution.TestRescanEligibility" name="test_no_scan_user_can_scan_true" time="0.048" /><testcase classname="backend.tests.test_sprint7_bio_evolution.TestRescanEligibility" name="test_validation_pending_can_scan_false" time="0.051" /><testcase classname="backend.tests.test_sprint7_bio_evolution.TestBioscan" name="test_bioscan_requires_auth" time="0.046" /><testcase classname="backend.tests.test_sprint7_bio_evolution.TestBioscan" name="test_bioscan_response_structure_admin" time="0.051" /><testcase classname="backend.tests.test_sprint7_bio_evolution.TestBioscan" name="test_pulsedemo_bioscan_no_dna" time="0.049" /><testcase classname="backend.tests.test_sprint7_bio_evolution.TestBioscan" name="test_chicago_bioscan_locked" time="0.046" /><testcase classname="backend.tests.test_sprint7_bio_evolution.TestBioscan" name="test_bioscan_pro_unlocked_logic" time="0.058" /><testcase classname="backend.tests.test_sprint7_bio_evolution.TestOnboardingDNA" name="test_onboarding_creates_dna_scan_history" time="0.380" /><testcase classname="backend.tests.test_sprint7_bio_evolution.TestOnboardingDNA" name="test_auth_me_has_dna_after_onboarding" time="0.043" /><testcase classname="backend.tests.test_sprint7_bio_evolution.TestEdgeCases" name="test_eligibility_message_not_empty" time="0.044" /><testcase classname="backend.tests.test_sprint7_bio_evolution.TestEdgeCases" name="test_eligibility_avg_dna_range" time="0.051" /><testcase classname="backend.tests.test_sprint7_bio_evolution.TestEdgeCases" name="test_bioscan_returns_scan_type" time="0.069" /><testcase classname="backend.tests.test_sprint7_bio_evolution.TestEdgeCases" name="test_invalid_token_blocked" time="0.047" /></testsuite></testsuites>