<?xml version="1.0" encoding="utf-8"?><testsuites name="pytest tests"><testsuite name="pytest" errors="0" failures="0" skipped="0" tests="22" time="4.118" timestamp="2026-04-01T07:23:39.137599+00:00" hostname="agent-env-8a3c64f5-3147-4112-a80f-23ed785bd681"><testcase classname="backend.tests.test_sprint31_multisport_builder.TestCreateMultisportChallenge" name="test_create_returns_200" time="0.614" /><testcase classname="backend.tests.test_sprint31_multisport_builder.TestCreateMultisportChallenge" name="test_create_returns_challenge_fields" time="0.135" /><testcase classname="backend.tests.test_sprint31_multisport_builder.TestCreateMultisportChallenge" name="test_create_7_day_scaffolding" time="0.143" /><testcase classname="backend.tests.test_sprint31_multisport_builder.TestCreateMultisportChallenge" name="test_day_structure_has_required_fields" time="0.099" /><testcase classname="backend.tests.test_sprint31_multisport_builder.TestCreateMultisportChallenge" name="test_create_missing_name_returns_400" time="0.110" /><testcase classname="backend.tests.test_sprint31_multisport_builder.TestCreateMultisportChallenge" name="test_create_no_auth_returns_401" time="0.098" /><testcase classname="backend.tests.test_sprint31_multisport_builder.TestListMultisportChallenges" name="test_list_returns_200" time="0.145" /><testcase classname="backend.tests.test_sprint31_multisport_builder.TestListMultisportChallenges" name="test_list_returns_challenges_key" time="0.114" /><testcase classname="backend.tests.test_sprint31_multisport_builder.TestListMultisportChallenges" name="test_list_includes_created_challenge" time="0.201" /><testcase classname="backend.tests.test_sprint31_multisport_builder.TestListMultisportChallenges" name="test_list_no_auth_returns_401" time="0.126" /><testcase classname="backend.tests.test_sprint31_multisport_builder.TestUpdateChallengeDays" name="test_update_days_returns_200" time="0.230" /><testcase classname="backend.tests.test_sprint31_multisport_builder.TestUpdateChallengeDays" name="test_update_days_persists" time="0.287" /><testcase classname="backend.tests.test_sprint31_multisport_builder.TestUpdateChallengeDays" name="test_update_days_invalid_discipline_returns_400" time="0.189" /><testcase classname="backend.tests.test_sprint31_multisport_builder.TestUpdateChallengeAutomation" name="test_save_automation_rules_returns_200" time="0.235" /><testcase classname="backend.tests.test_sprint31_multisport_builder.TestUpdateChallengeAutomation" name="test_save_automation_rules_response_fields" time="0.203" /><testcase classname="backend.tests.test_sprint31_multisport_builder.TestUpdateChallengeAutomation" name="test_save_multiple_rules" time="0.209" /><testcase classname="backend.tests.test_sprint31_multisport_builder.TestUpdateChallengeAutomation" name="test_save_invalid_trigger_returns_400" time="0.200" /><testcase classname="backend.tests.test_sprint31_multisport_builder.TestGlobalLeaderboard" name="test_global_leaderboard_returns_200" time="0.107" /><testcase classname="backend.tests.test_sprint31_multisport_builder.TestGlobalLeaderboard" name="test_global_leaderboard_response_structure" time="0.138" /><testcase classname="backend.tests.test_sprint31_multisport_builder.TestGlobalLeaderboard" name="test_global_leaderboard_no_auth_returns_401" time="0.101" /><testcase classname="backend.tests.test_sprint31_multisport_builder.TestGetSingleChallenge" name="test_get_challenge_returns_200" time="0.210" /><testcase classname="backend.tests.test_sprint31_multisport_builder.TestGetSingleChallenge" name="test_get_nonexistent_challenge_returns_404" time="0.112" /></testsuite></testsuites>