<?xml version="1.0" encoding="utf-8"?><testsuites name="pytest tests"><testsuite name="pytest" errors="0" failures="0" skipped="0" tests="21" time="3.243" timestamp="2026-03-31T15:36:45.980092+00:00" hostname="agent-env-8a3c64f5-3147-4112-a80f-23ed785bd681"><testcase classname="backend.tests.test_sprint18_crew_battle_engine.TestLiveBattles" name="test_live_battles_returns_200" time="0.647" /><testcase classname="backend.tests.test_sprint18_crew_battle_engine.TestLiveBattles" name="test_live_battles_is_list" time="0.150" /><testcase classname="backend.tests.test_sprint18_crew_battle_engine.TestLiveBattles" name="test_live_battle_shadow_vs_nexus_exists" time="0.156" /><testcase classname="backend.tests.test_sprint18_crew_battle_engine.TestLiveBattles" name="test_live_battle_scores" time="0.115" /><testcase classname="backend.tests.test_sprint18_crew_battle_engine.TestLiveBattles" name="test_live_battle_user_in_battle" time="0.120" /><testcase classname="backend.tests.test_sprint18_crew_battle_engine.TestLiveBattles" name="test_live_battle_is_my_crew" time="0.112" /><testcase classname="backend.tests.test_sprint18_crew_battle_engine.TestLiveBattles" name="test_live_battle_pct_adds_to_100" time="0.141" /><testcase classname="backend.tests.test_sprint18_crew_battle_engine.TestLiveBattles" name="test_live_battle_has_ends_at" time="0.106" /><testcase classname="backend.tests.test_sprint18_crew_battle_engine.TestMatchmaking" name="test_matchmake_returns_200" time="0.125" /><testcase classname="backend.tests.test_sprint18_crew_battle_engine.TestMatchmaking" name="test_matchmake_has_crew" time="0.140" /><testcase classname="backend.tests.test_sprint18_crew_battle_engine.TestMatchmaking" name="test_matchmake_my_kore_score" time="0.106" /><testcase classname="backend.tests.test_sprint18_crew_battle_engine.TestMatchmaking" name="test_matchmake_suggestions_present" time="0.118" /><testcase classname="backend.tests.test_sprint18_crew_battle_engine.TestMatchmaking" name="test_matchmake_iron_wolves_in_suggestions" time="0.110" /><testcase classname="backend.tests.test_sprint18_crew_battle_engine.TestMatchmaking" name="test_matchmake_suggestion_fields" time="0.124" /><testcase classname="backend.tests.test_sprint18_crew_battle_engine.TestMatchmaking" name="test_matchmake_nexus_elite_already_challenged" time="0.109" /><testcase classname="backend.tests.test_sprint18_crew_battle_engine.TestChallengeCrew" name="test_challenge_already_active_battle_returns_400" time="0.107" /><testcase classname="backend.tests.test_sprint18_crew_battle_engine.TestChallengeCrew" name="test_challenge_invalid_crew_id_returns_404" time="0.103" /><testcase classname="backend.tests.test_sprint18_crew_battle_engine.TestChallengeCrew" name="test_challenge_own_crew_returns_400" time="0.131" /><testcase classname="backend.tests.test_sprint18_crew_battle_engine.TestAuthGuard" name="test_live_battles_requires_auth" time="0.122" /><testcase classname="backend.tests.test_sprint18_crew_battle_engine.TestAuthGuard" name="test_matchmake_requires_auth" time="0.113" /><testcase classname="backend.tests.test_sprint18_crew_battle_engine.TestAuthGuard" name="test_challenge_requires_auth" time="0.151" /></testsuite></testsuites>