<?xml version="1.0" encoding="utf-8"?><testsuites name="pytest tests"><testsuite name="pytest" errors="0" failures="0" skipped="0" tests="27" time="2.740" timestamp="2026-04-01T06:54:26.644795+00:00" hostname="agent-env-8a3c64f5-3147-4112-a80f-23ed785bd681"><testcase classname="backend.tests.test_sprint30_dna_hub.TestBackendHealth" name="test_backend_reachable" time="0.203" /><testcase classname="backend.tests.test_sprint30_dna_hub.TestAthletesFullTable" name="test_returns_200_with_athletes" time="0.460" /><testcase classname="backend.tests.test_sprint30_dna_hub.TestAthletesFullTable" name="test_athlete_has_six_axis" time="0.085" /><testcase classname="backend.tests.test_sprint30_dna_hub.TestAthletesFullTable" name="test_athlete_has_injury_risk" time="0.084" /><testcase classname="backend.tests.test_sprint30_dna_hub.TestAthletesFullTable" name="test_athlete_has_global_rank" time="0.087" /><testcase classname="backend.tests.test_sprint30_dna_hub.TestAthletesFullTable" name="test_athlete_has_crews_array" time="0.080" /><testcase classname="backend.tests.test_sprint30_dna_hub.TestAthletesFullTable" name="test_sort_by_dna" time="0.088" /><testcase classname="backend.tests.test_sprint30_dna_hub.TestAthletesFullTable" name="test_injury_filter_high" time="0.081" /><testcase classname="backend.tests.test_sprint30_dna_hub.TestAthletesFullTable" name="test_requires_auth" time="0.044" /><testcase classname="backend.tests.test_sprint30_dna_hub.TestAthleteFullProfile" name="test_returns_200" time="0.125" /><testcase classname="backend.tests.test_sprint30_dna_hub.TestAthleteFullProfile" name="test_has_six_axis" time="0.121" /><testcase classname="backend.tests.test_sprint30_dna_hub.TestAthleteFullProfile" name="test_has_scan_trend" time="0.158" /><testcase classname="backend.tests.test_sprint30_dna_hub.TestAthleteFullProfile" name="test_has_injury_risk_with_recommendation" time="0.163" /><testcase classname="backend.tests.test_sprint30_dna_hub.TestAthleteFullProfile" name="test_has_multiskill_and_crews" time="0.136" /><testcase classname="backend.tests.test_sprint30_dna_hub.TestAthleteFullProfile" name="test_invalid_id_returns_404" time="0.043" /><testcase classname="backend.tests.test_sprint30_dna_hub.TestCrewManage" name="test_returns_200" time="0.054" /><testcase classname="backend.tests.test_sprint30_dna_hub.TestCrewManage" name="test_crew_has_weighted_dna" time="0.089" /><testcase classname="backend.tests.test_sprint30_dna_hub.TestCrewManage" name="test_crew_has_avg_six_axis" time="0.048" /><testcase classname="backend.tests.test_sprint30_dna_hub.TestCrewManage" name="test_members_have_role_badges" time="0.049" /><testcase classname="backend.tests.test_sprint30_dna_hub.TestCrewManage" name="test_requires_auth" time="0.042" /><testcase classname="backend.tests.test_sprint30_dna_hub.TestCrewInvite" name="test_invite_missing_fields_returns_400" time="0.044" /><testcase classname="backend.tests.test_sprint30_dna_hub.TestCrewInvite" name="test_invite_invalid_crew_returns_404" time="0.065" /><testcase classname="backend.tests.test_sprint30_dna_hub.TestCrewInvite" name="test_invite_unknown_user_returns_404" time="0.095" /><testcase classname="backend.tests.test_sprint30_dna_hub.TestCrewInvite" name="test_requires_auth" time="0.042" /><testcase classname="backend.tests.test_sprint30_dna_hub.TestCrewInvitationsRespond" name="test_invalid_invitation_id" time="0.044" /><testcase classname="backend.tests.test_sprint30_dna_hub.TestCrewInvitationsRespond" name="test_bad_action_returns_400" time="0.041" /><testcase classname="backend.tests.test_sprint30_dna_hub.TestCrewInvitationsRespond" name="test_requires_auth" time="0.042" /></testsuite></testsuites>