<?xml version="1.0" encoding="utf-8"?><testsuites name="pytest tests"><testsuite name="pytest" errors="0" failures="0" skipped="0" tests="37" time="4.903" timestamp="2026-04-01T02:28:55.063720+00:00" hostname="agent-env-8a3c64f5-3147-4112-a80f-23ed785bd681"><testcase classname="backend.tests.test_sprint25_rbac.TestAuthMe" name="test_auth_me_returns_200" time="0.464" /><testcase classname="backend.tests.test_sprint25_rbac.TestAuthMe" name="test_auth_me_role_is_gym_owner" time="0.118" /><testcase classname="backend.tests.test_sprint25_rbac.TestAuthMe" name="test_auth_me_gym_id_not_null" time="0.111" /><testcase classname="backend.tests.test_sprint25_rbac.TestAuthMe" name="test_auth_me_is_founder" time="0.095" /><testcase classname="backend.tests.test_sprint25_rbac.TestAuthMe" name="test_auth_me_has_no_mongo_id" time="0.101" /><testcase classname="backend.tests.test_sprint25_rbac.TestAuthMe" name="test_auth_me_coach_role" time="0.443" /><testcase classname="backend.tests.test_sprint25_rbac.TestGymDashboard" name="test_gym_dashboard_returns_200_for_gym_owner" time="0.112" /><testcase classname="backend.tests.test_sprint25_rbac.TestGymDashboard" name="test_gym_dashboard_has_stats" time="0.105" /><testcase classname="backend.tests.test_sprint25_rbac.TestGymDashboard" name="test_gym_dashboard_members_count" time="0.122" /><testcase classname="backend.tests.test_sprint25_rbac.TestGymDashboard" name="test_gym_dashboard_coaches_count" time="0.130" /><testcase classname="backend.tests.test_sprint25_rbac.TestGymDashboard" name="test_gym_dashboard_xp_generated" time="0.106" /><testcase classname="backend.tests.test_sprint25_rbac.TestGymDashboard" name="test_gym_dashboard_has_top_performers" time="0.111" /><testcase classname="backend.tests.test_sprint25_rbac.TestGymDashboard" name="test_gym_dashboard_subscription_tier" time="0.110" /><testcase classname="backend.tests.test_sprint25_rbac.TestGymDashboard" name="test_gym_dashboard_403_for_athlete" time="0.120" /><testcase classname="backend.tests.test_sprint25_rbac.TestGymDashboard" name="test_gym_dashboard_coach_gets_403" time="0.113" /><testcase classname="backend.tests.test_sprint25_rbac.TestGymMe" name="test_gym_me_returns_200" time="0.112" /><testcase classname="backend.tests.test_sprint25_rbac.TestGymMe" name="test_gym_me_has_gym_field" time="0.113" /><testcase classname="backend.tests.test_sprint25_rbac.TestGymMe" name="test_gym_me_has_name" time="0.110" /><testcase classname="backend.tests.test_sprint25_rbac.TestGymMe" name="test_gym_me_has_gym_code" time="0.098" /><testcase classname="backend.tests.test_sprint25_rbac.TestGymStaff" name="test_gym_staff_returns_200" time="0.106" /><testcase classname="backend.tests.test_sprint25_rbac.TestGymStaff" name="test_gym_staff_has_staff_array" time="0.124" /><testcase classname="backend.tests.test_sprint25_rbac.TestGymStaff" name="test_gym_staff_has_at_least_3_members" time="0.106" /><testcase classname="backend.tests.test_sprint25_rbac.TestGymStaff" name="test_gym_staff_contains_gym_owner" time="0.105" /><testcase classname="backend.tests.test_sprint25_rbac.TestGymStaff" name="test_gym_staff_contains_coaches" time="0.117" /><testcase classname="backend.tests.test_sprint25_rbac.TestGymStaff" name="test_gym_staff_has_tbutler" time="0.113" /><testcase classname="backend.tests.test_sprint25_rbac.TestGymStaff" name="test_gym_staff_has_mjordan" time="0.109" /><testcase classname="backend.tests.test_sprint25_rbac.TestGymStaff" name="test_gym_staff_member_structure" time="0.102" /><testcase classname="backend.tests.test_sprint25_rbac.TestGymStaff" name="test_gym_staff_coach_accessible_by_coach" time="0.108" /><testcase classname="backend.tests.test_sprint25_rbac.TestCoachAthletes" name="test_coach_athletes_200_for_coach" time="0.105" /><testcase classname="backend.tests.test_sprint25_rbac.TestCoachAthletes" name="test_coach_athletes_has_athletes_field" time="0.115" /><testcase classname="backend.tests.test_sprint25_rbac.TestCoachAthletes" name="test_coach_athletes_200_for_gym_owner" time="0.118" /><testcase classname="backend.tests.test_sprint25_rbac.TestCoachAthletes" name="test_coach_athletes_401_without_auth" time="0.124" /><testcase classname="backend.tests.test_sprint25_rbac.TestRBACEnforcement" name="test_gym_create_403_for_coach" time="0.101" /><testcase classname="backend.tests.test_sprint25_rbac.TestRBACEnforcement" name="test_gym_update_403_for_coach" time="0.133" /><testcase classname="backend.tests.test_sprint25_rbac.TestRBACEnforcement" name="test_gym_staff_add_403_for_coach" time="0.116" /><testcase classname="backend.tests.test_sprint25_rbac.TestRBACEnforcement" name="test_gym_dashboard_403_for_coach" time="0.111" /><testcase classname="backend.tests.test_sprint25_rbac.TestRBACEnforcement" name="test_founder_bypasses_role_check" time="0.111" /></testsuite></testsuites>