<?xml version="1.0" encoding="utf-8"?><testsuites name="pytest tests"><testsuite name="pytest" errors="0" failures="0" skipped="0" tests="16" time="1.852" timestamp="2026-03-31T17:33:29.445015+00:00" hostname="agent-env-8a3c64f5-3147-4112-a80f-23ed785bd681"><testcase classname="backend.tests.test_sprint19_pvp_challenge_engine.TestAPIHealth" name="test_api_reachable" time="0.261" /><testcase classname="backend.tests.test_sprint19_pvp_challenge_engine.TestPvPPending" name="test_get_pvp_pending_returns_200" time="0.460" /><testcase classname="backend.tests.test_sprint19_pvp_challenge_engine.TestPvPPending" name="test_pvp_pending_response_structure" time="0.071" /><testcase classname="backend.tests.test_sprint19_pvp_challenge_engine.TestPvPPending" name="test_pvp_pending_has_sent_challenge_to_tbutler" time="0.066" /><testcase classname="backend.tests.test_sprint19_pvp_challenge_engine.TestPvPPending" name="test_pvp_pending_challenge_has_required_fields" time="0.076" /><testcase classname="backend.tests.test_sprint19_pvp_challenge_engine.TestPvPPending" name="test_pvp_pending_requires_auth" time="0.055" /><testcase classname="backend.tests.test_sprint19_pvp_challenge_engine.TestGetPvPChallenge" name="test_get_challenge_by_id" time="0.129" /><testcase classname="backend.tests.test_sprint19_pvp_challenge_engine.TestGetPvPChallenge" name="test_get_challenge_invalid_id" time="0.053" /><testcase classname="backend.tests.test_sprint19_pvp_challenge_engine.TestSendPvPChallenge" name="test_send_challenge_validation_invalid_discipline" time="0.052" /><testcase classname="backend.tests.test_sprint19_pvp_challenge_engine.TestSendPvPChallenge" name="test_send_challenge_cannot_self_challenge" time="0.160" /><testcase classname="backend.tests.test_sprint19_pvp_challenge_engine.TestSendPvPChallenge" name="test_send_challenge_requires_auth" time="0.053" /><testcase classname="backend.tests.test_sprint19_pvp_challenge_engine.TestSendPvPChallenge" name="test_send_challenge_duplicate_blocked" time="0.123" /><testcase classname="backend.tests.test_sprint19_pvp_challenge_engine.TestAntiCheat" name="test_anti_cheat_high_rep_rate" time="0.131" /><testcase classname="backend.tests.test_sprint19_pvp_challenge_engine.TestAntiCheat" name="test_anti_cheat_valid_scan" time="0.000" /><testcase classname="backend.tests.test_sprint19_pvp_challenge_engine.TestAntiCheat" name="test_anti_cheat_perfect_quality_suspicious" time="0.000" /><testcase classname="backend.tests.test_sprint19_pvp_challenge_engine.TestPvPNotifications" name="test_notification_created_on_challenge_exists" time="0.066" /></testsuite></testsuites>