<?xml version="1.0" encoding="utf-8"?><testsuites name="pytest tests"><testsuite name="pytest" errors="0" failures="0" skipped="0" tests="51" time="7.680" timestamp="2026-04-01T01:43:45.365916+00:00" hostname="agent-env-8a3c64f5-3147-4112-a80f-23ed785bd681"><testcase classname="backend.tests.test_sprint22_coach_studio_full.TestCoachHeatmap" name="test_heatmap_returns_200" time="0.677" /><testcase classname="backend.tests.test_sprint22_coach_studio_full.TestCoachHeatmap" name="test_heatmap_has_grid" time="0.170" /><testcase classname="backend.tests.test_sprint22_coach_studio_full.TestCoachHeatmap" name="test_heatmap_grid_has_30_cells" time="0.140" /><testcase classname="backend.tests.test_sprint22_coach_studio_full.TestCoachHeatmap" name="test_heatmap_cell_structure" time="0.122" /><testcase classname="backend.tests.test_sprint22_coach_studio_full.TestCoachHeatmap" name="test_heatmap_has_totals" time="0.105" /><testcase classname="backend.tests.test_sprint22_coach_studio_full.TestCoachHeatmap" name="test_heatmap_intensity_is_0_to_1" time="0.123" /><testcase classname="backend.tests.test_sprint22_coach_studio_full.TestCoachHeatmap" name="test_heatmap_no_auth_returns_401" time="0.123" /><testcase classname="backend.tests.test_sprint22_coach_studio_full.TestCoachAlerts" name="test_alerts_returns_200" time="0.153" /><testcase classname="backend.tests.test_sprint22_coach_studio_full.TestCoachAlerts" name="test_alerts_has_alerts_array" time="0.126" /><testcase classname="backend.tests.test_sprint22_coach_studio_full.TestCoachAlerts" name="test_alerts_has_count" time="0.103" /><testcase classname="backend.tests.test_sprint22_coach_studio_full.TestCoachAlerts" name="test_alerts_has_critical" time="0.167" /><testcase classname="backend.tests.test_sprint22_coach_studio_full.TestCoachAlerts" name="test_alert_structure" time="0.148" /><testcase classname="backend.tests.test_sprint22_coach_studio_full.TestCoachAlerts" name="test_alert_severity_valid_values" time="0.148" /><testcase classname="backend.tests.test_sprint22_coach_studio_full.TestCoachAlerts" name="test_alerts_sorted_by_severity" time="0.157" /><testcase classname="backend.tests.test_sprint22_coach_studio_full.TestCoachAlerts" name="test_alerts_no_auth_returns_401" time="0.108" /><testcase classname="backend.tests.test_sprint22_coach_studio_full.TestCoachHistorical" name="test_historical_returns_200" time="0.224" /><testcase classname="backend.tests.test_sprint22_coach_studio_full.TestCoachHistorical" name="test_historical_has_months" time="0.110" /><testcase classname="backend.tests.test_sprint22_coach_studio_full.TestCoachHistorical" name="test_historical_has_7_months" time="0.124" /><testcase classname="backend.tests.test_sprint22_coach_studio_full.TestCoachHistorical" name="test_historical_last_is_now" time="0.181" /><testcase classname="backend.tests.test_sprint22_coach_studio_full.TestCoachHistorical" name="test_historical_month_has_dna_keys" time="0.118" /><testcase classname="backend.tests.test_sprint22_coach_studio_full.TestCoachHistorical" name="test_historical_has_current_dna" time="0.111" /><testcase classname="backend.tests.test_sprint22_coach_studio_full.TestCoachHistorical" name="test_historical_has_username" time="0.121" /><testcase classname="backend.tests.test_sprint22_coach_studio_full.TestCoachHistorical" name="test_historical_invalid_id_returns_404" time="0.132" /><testcase classname="backend.tests.test_sprint22_coach_studio_full.TestCoachHistorical" name="test_historical_no_auth_returns_401" time="0.127" /><testcase classname="backend.tests.test_sprint22_coach_studio_full.TestCoachBattleStats" name="test_battle_stats_returns_200" time="0.100" /><testcase classname="backend.tests.test_sprint22_coach_studio_full.TestCoachBattleStats" name="test_battle_stats_has_battles" time="0.109" /><testcase classname="backend.tests.test_sprint22_coach_studio_full.TestCoachBattleStats" name="test_battle_stats_has_wins_losses" time="0.134" /><testcase classname="backend.tests.test_sprint22_coach_studio_full.TestCoachBattleStats" name="test_battle_stats_has_crews" time="0.104" /><testcase classname="backend.tests.test_sprint22_coach_studio_full.TestCoachBattleStats" name="test_battle_stats_win_rate_is_percentage" time="0.095" /><testcase classname="backend.tests.test_sprint22_coach_studio_full.TestCoachBattleStats" name="test_battle_row_structure" time="0.107" /><testcase classname="backend.tests.test_sprint22_coach_studio_full.TestCoachBattleStats" name="test_battle_stats_no_auth_returns_401" time="0.104" /><testcase classname="backend.tests.test_sprint22_coach_studio_full.TestCoachBattleSimulate" name="test_simulate_returns_200" time="0.210" /><testcase classname="backend.tests.test_sprint22_coach_studio_full.TestCoachBattleSimulate" name="test_simulate_has_score" time="0.117" /><testcase classname="backend.tests.test_sprint22_coach_studio_full.TestCoachBattleSimulate" name="test_simulate_score_range" time="0.548" /><testcase classname="backend.tests.test_sprint22_coach_studio_full.TestCoachBattleSimulate" name="test_simulate_has_breakdown" time="0.127" /><testcase classname="backend.tests.test_sprint22_coach_studio_full.TestCoachBattleSimulate" name="test_simulate_breakdown_structure" time="0.111" /><testcase classname="backend.tests.test_sprint22_coach_studio_full.TestCoachBattleSimulate" name="test_simulate_has_intensity" time="0.114" /><testcase classname="backend.tests.test_sprint22_coach_studio_full.TestCoachBattleSimulate" name="test_simulate_has_member_count" time="0.110" /><testcase classname="backend.tests.test_sprint22_coach_studio_full.TestCoachBattleSimulate" name="test_simulate_empty_athletes" time="0.117" /><testcase classname="backend.tests.test_sprint22_coach_studio_full.TestCoachBattleSimulate" name="test_simulate_no_auth_returns_401" time="0.108" /><testcase classname="backend.tests.test_sprint22_coach_studio_full.TestCoachAIFull" name="test_ai_full_returns_200" time="0.106" /><testcase classname="backend.tests.test_sprint22_coach_studio_full.TestCoachAIFull" name="test_ai_full_has_injury_risks" time="0.157" /><testcase classname="backend.tests.test_sprint22_coach_studio_full.TestCoachAIFull" name="test_ai_full_has_forecasts" time="0.123" /><testcase classname="backend.tests.test_sprint22_coach_studio_full.TestCoachAIFull" name="test_ai_full_has_group_summary" time="0.131" /><testcase classname="backend.tests.test_sprint22_coach_studio_full.TestCoachAIFull" name="test_ai_full_injury_risk_structure" time="0.118" /><testcase classname="backend.tests.test_sprint22_coach_studio_full.TestCoachAIFull" name="test_ai_full_risk_pct_range" time="0.120" /><testcase classname="backend.tests.test_sprint22_coach_studio_full.TestCoachAIFull" name="test_ai_full_forecast_structure" time="0.127" /><testcase classname="backend.tests.test_sprint22_coach_studio_full.TestCoachAIFull" name="test_ai_full_forecast_trend_valid" time="0.119" /><testcase classname="backend.tests.test_sprint22_coach_studio_full.TestCoachAIFull" name="test_ai_full_max_5_risks" time="0.112" /><testcase classname="backend.tests.test_sprint22_coach_studio_full.TestCoachAIFull" name="test_ai_full_max_8_forecasts" time="0.111" /><testcase classname="backend.tests.test_sprint22_coach_studio_full.TestCoachAIFull" name="test_ai_full_no_auth_returns_401" time="0.099" /></testsuite></testsuites>