<?xml version="1.0" encoding="utf-8"?><testsuites name="pytest tests"><testsuite name="pytest" errors="0" failures="0" skipped="0" tests="17" time="3.973" timestamp="2026-03-28T01:52:42.887475+00:00" hostname="agent-env-2c4c648f-4f4d-4dd5-b126-869cff9b9215"><testcase classname="backend.tests.test_wallet_endpoints.TestAuthLogin" name="test_admin_login_success" time="0.513" /><testcase classname="backend.tests.test_wallet_endpoints.TestAuthLogin" name="test_admin_is_admin_flag" time="0.357" /><testcase classname="backend.tests.test_wallet_endpoints.TestAuthLogin" name="test_chicago_user_login_success" time="0.333" /><testcase classname="backend.tests.test_wallet_endpoints.TestAuthLogin" name="test_invalid_credentials_rejected" time="0.385" /><testcase classname="backend.tests.test_wallet_endpoints.TestAppleWallet" name="test_apple_pass_requires_auth" time="0.104" /><testcase classname="backend.tests.test_wallet_endpoints.TestAppleWallet" name="test_apple_pass_returns_200" time="0.488" /><testcase classname="backend.tests.test_wallet_endpoints.TestAppleWallet" name="test_apple_pass_status_generated" time="0.139" /><testcase classname="backend.tests.test_wallet_endpoints.TestAppleWallet" name="test_apple_pass_has_pass_b64" time="0.101" /><testcase classname="backend.tests.test_wallet_endpoints.TestAppleWallet" name="test_apple_pass_b64_is_valid_zip" time="0.113" /><testcase classname="backend.tests.test_wallet_endpoints.TestAppleWallet" name="test_apple_pass_has_athlete_and_kore_number" time="0.110" /><testcase classname="backend.tests.test_wallet_endpoints.TestAppleWallet" name="test_apple_pass_for_regular_user" time="0.474" /><testcase classname="backend.tests.test_wallet_endpoints.TestGoogleWallet" name="test_google_pass_requires_auth" time="0.103" /><testcase classname="backend.tests.test_wallet_endpoints.TestGoogleWallet" name="test_google_pass_returns_200" time="0.175" /><testcase classname="backend.tests.test_wallet_endpoints.TestGoogleWallet" name="test_google_pass_status_generated" time="0.121" /><testcase classname="backend.tests.test_wallet_endpoints.TestGoogleWallet" name="test_google_pass_has_wallet_url" time="0.103" /><testcase classname="backend.tests.test_wallet_endpoints.TestGoogleWallet" name="test_google_pass_has_athlete_and_kore_number" time="0.108" /><testcase classname="backend.tests.test_wallet_endpoints.TestGoogleWallet" name="test_google_pass_for_regular_user" time="0.097" /></testsuite></testsuites>